[01:44:14] [main/INFO] (FabricLoader/GameProvider) Loading for game Minecraft 1.17.1
[01:44:14] [main/INFO] (FabricLoader) Loading 6 mods:
	- baritone 1.7.0
	- epc-addon 1.0
	- fabricloader 0.12.3
	- java 16
	- meteor-client 0.4.7-1340
	- minecraft 1.17.1
[01:44:14] [main/INFO] (FabricLoader/Mixin) SpongePowered MIXIN Subsystem Version=0.8.4 Source=file:/home/sep/.gradle/caches/modules-2/files-2.1/net.fabricmc/sponge-mixin/0.10.4+mixin.0.8.4/2db026cfe22893ef3ed94af152265400b81bc0e3/sponge-mixin-0.10.4+mixin.0.8.4.jar Service=Knot/Fabric Env=CLIENT
[01:44:14] [main/INFO] (FabricLoader/Mixin) Loaded Fabric development mappings for mixin remapper!
[01:44:14] [main/INFO] (FabricLoader/Mixin) Compatibility level set to JAVA_16
[01:44:15] [main/WARN] (FabricLoader/Mixin) Catching java.lang.ClassNotFoundException: net/fabricmc/fabric/impl/client/indigo/renderer/render/AbstractQuadRenderer
java.lang.ClassNotFoundException: net/fabricmc/fabric/impl/client/indigo/renderer/render/AbstractQuadRenderer
	at net.fabricmc.loader.impl.launch.knot.MixinServiceKnot.getClassBytes(MixinServiceKnot.java:65) ~[fabric-loader-0.12.3.jar:?]
	at net.fabricmc.loader.impl.launch.knot.MixinServiceKnot.getClassNode(MixinServiceKnot.java:76) ~[fabric-loader-0.12.3.jar:?]
	at net.fabricmc.loader.impl.launch.knot.MixinServiceKnot.getClassNode(MixinServiceKnot.java:71) ~[fabric-loader-0.12.3.jar:?]
	at org.spongepowered.asm.mixin.transformer.ClassInfo.forName(ClassInfo.java:2022) [sponge-mixin-0.10.4+mixin.0.8.4.jar:0.10.4+mixin.0.8.4]
	at org.spongepowered.asm.mixin.transformer.MixinInfo.getTargetClass(MixinInfo.java:1018) [sponge-mixin-0.10.4+mixin.0.8.4.jar:0.10.4+mixin.0.8.4]
	at org.spongepowered.asm.mixin.transformer.MixinInfo.readTargetClasses(MixinInfo.java:1008) [sponge-mixin-0.10.4+mixin.0.8.4.jar:0.10.4+mixin.0.8.4]
	at org.spongepowered.asm.mixin.transformer.MixinInfo.parseTargets(MixinInfo.java:896) [sponge-mixin-0.10.4+mixin.0.8.4.jar:0.10.4+mixin.0.8.4]
	at org.spongepowered.asm.mixin.transformer.MixinConfig.prepareMixins(MixinConfig.java:869) [sponge-mixin-0.10.4+mixin.0.8.4.jar:0.10.4+mixin.0.8.4]
	at org.spongepowered.asm.mixin.transformer.MixinConfig.prepare(MixinConfig.java:781) [sponge-mixin-0.10.4+mixin.0.8.4.jar:0.10.4+mixin.0.8.4]
	at org.spongepowered.asm.mixin.transformer.MixinProcessor.prepareConfigs(MixinProcessor.java:540) [sponge-mixin-0.10.4+mixin.0.8.4.jar:0.10.4+mixin.0.8.4]
	at org.spongepowered.asm.mixin.transformer.MixinProcessor.select(MixinProcessor.java:462) [sponge-mixin-0.10.4+mixin.0.8.4.jar:0.10.4+mixin.0.8.4]
	at org.spongepowered.asm.mixin.transformer.MixinProcessor.checkSelect(MixinProcessor.java:438) [sponge-mixin-0.10.4+mixin.0.8.4.jar:0.10.4+mixin.0.8.4]
	at org.spongepowered.asm.mixin.transformer.MixinProcessor.applyMixins(MixinProcessor.java:290) [sponge-mixin-0.10.4+mixin.0.8.4.jar:0.10.4+mixin.0.8.4]
	at org.spongepowered.asm.mixin.transformer.MixinTransformer.transformClass(MixinTransformer.java:234) [sponge-mixin-0.10.4+mixin.0.8.4.jar:0.10.4+mixin.0.8.4]
	at org.spongepowered.asm.mixin.transformer.MixinTransformer.transformClassBytes(MixinTransformer.java:202) [sponge-mixin-0.10.4+mixin.0.8.4.jar:0.10.4+mixin.0.8.4]
	at net.fabricmc.loader.impl.launch.knot.KnotClassDelegate.getPostMixinClassByteArray(KnotClassDelegate.java:222) [fabric-loader-0.12.3.jar:?]
	at net.fabricmc.loader.impl.launch.knot.KnotClassDelegate.tryLoadClass(KnotClassDelegate.java:133) [fabric-loader-0.12.3.jar:?]
	at net.fabricmc.loader.impl.launch.knot.KnotClassLoader.loadClass(KnotClassLoader.java:155) [fabric-loader-0.12.3.jar:?]
	at java.lang.ClassLoader.loadClass(ClassLoader.java:519) [?:?]
	at net.fabricmc.loader.impl.game.minecraft.MinecraftGameProvider.launch(MinecraftGameProvider.java:566) [fabric-loader-0.12.3.jar:?]
	at net.fabricmc.loader.impl.launch.knot.Knot.launch(Knot.java:74) [fabric-loader-0.12.3.jar:?]
	at net.fabricmc.loader.impl.launch.knot.KnotClient.main(KnotClient.java:23) [fabric-loader-0.12.3.jar:?]
	at net.fabricmc.devlaunchinjector.Main.main(Main.java:86) [dev-launch-injector-0.2.1+build.8.jar:?]
[01:44:15] [main/WARN] (FabricLoader/Mixin) Error loading class: net/fabricmc/fabric/impl/client/indigo/renderer/render/AbstractQuadRenderer (java.lang.ClassNotFoundException: net/fabricmc/fabric/impl/client/indigo/renderer/render/AbstractQuadRenderer)
[01:44:15] [main/WARN] (FabricLoader/Mixin) @Mixin target net.fabricmc.fabric.impl.client.indigo.renderer.render.AbstractQuadRenderer was not found meteor-client-indigo.mixins.json:AbstractQuadRendererMixin
[01:44:15] [main/WARN] (FabricLoader/Mixin) Catching java.lang.ClassNotFoundException: net/fabricmc/fabric/impl/client/indigo/renderer/render/TerrainRenderContext
java.lang.ClassNotFoundException: net/fabricmc/fabric/impl/client/indigo/renderer/render/TerrainRenderContext
	at net.fabricmc.loader.impl.launch.knot.MixinServiceKnot.getClassBytes(MixinServiceKnot.java:65) ~[fabric-loader-0.12.3.jar:?]
	at net.fabricmc.loader.impl.launch.knot.MixinServiceKnot.getClassNode(MixinServiceKnot.java:76) ~[fabric-loader-0.12.3.jar:?]
	at net.fabricmc.loader.impl.launch.knot.MixinServiceKnot.getClassNode(MixinServiceKnot.java:71) ~[fabric-loader-0.12.3.jar:?]
	at org.spongepowered.asm.mixin.transformer.ClassInfo.forName(ClassInfo.java:2022) [sponge-mixin-0.10.4+mixin.0.8.4.jar:0.10.4+mixin.0.8.4]
	at org.spongepowered.asm.mixin.transformer.MixinInfo.getTargetClass(MixinInfo.java:1018) [sponge-mixin-0.10.4+mixin.0.8.4.jar:0.10.4+mixin.0.8.4]
	at org.spongepowered.asm.mixin.transformer.MixinInfo.readTargetClasses(MixinInfo.java:1008) [sponge-mixin-0.10.4+mixin.0.8.4.jar:0.10.4+mixin.0.8.4]
	at org.spongepowered.asm.mixin.transformer.MixinInfo.parseTargets(MixinInfo.java:896) [sponge-mixin-0.10.4+mixin.0.8.4.jar:0.10.4+mixin.0.8.4]
	at org.spongepowered.asm.mixin.transformer.MixinConfig.prepareMixins(MixinConfig.java:869) [sponge-mixin-0.10.4+mixin.0.8.4.jar:0.10.4+mixin.0.8.4]
	at org.spongepowered.asm.mixin.transformer.MixinConfig.prepare(MixinConfig.java:781) [sponge-mixin-0.10.4+mixin.0.8.4.jar:0.10.4+mixin.0.8.4]
	at org.spongepowered.asm.mixin.transformer.MixinProcessor.prepareConfigs(MixinProcessor.java:540) [sponge-mixin-0.10.4+mixin.0.8.4.jar:0.10.4+mixin.0.8.4]
	at org.spongepowered.asm.mixin.transformer.MixinProcessor.select(MixinProcessor.java:462) [sponge-mixin-0.10.4+mixin.0.8.4.jar:0.10.4+mixin.0.8.4]
	at org.spongepowered.asm.mixin.transformer.MixinProcessor.checkSelect(MixinProcessor.java:438) [sponge-mixin-0.10.4+mixin.0.8.4.jar:0.10.4+mixin.0.8.4]
	at org.spongepowered.asm.mixin.transformer.MixinProcessor.applyMixins(MixinProcessor.java:290) [sponge-mixin-0.10.4+mixin.0.8.4.jar:0.10.4+mixin.0.8.4]
	at org.spongepowered.asm.mixin.transformer.MixinTransformer.transformClass(MixinTransformer.java:234) [sponge-mixin-0.10.4+mixin.0.8.4.jar:0.10.4+mixin.0.8.4]
	at org.spongepowered.asm.mixin.transformer.MixinTransformer.transformClassBytes(MixinTransformer.java:202) [sponge-mixin-0.10.4+mixin.0.8.4.jar:0.10.4+mixin.0.8.4]
	at net.fabricmc.loader.impl.launch.knot.KnotClassDelegate.getPostMixinClassByteArray(KnotClassDelegate.java:222) [fabric-loader-0.12.3.jar:?]
	at net.fabricmc.loader.impl.launch.knot.KnotClassDelegate.tryLoadClass(KnotClassDelegate.java:133) [fabric-loader-0.12.3.jar:?]
	at net.fabricmc.loader.impl.launch.knot.KnotClassLoader.loadClass(KnotClassLoader.java:155) [fabric-loader-0.12.3.jar:?]
	at java.lang.ClassLoader.loadClass(ClassLoader.java:519) [?:?]
	at net.fabricmc.loader.impl.game.minecraft.MinecraftGameProvider.launch(MinecraftGameProvider.java:566) [fabric-loader-0.12.3.jar:?]
	at net.fabricmc.loader.impl.launch.knot.Knot.launch(Knot.java:74) [fabric-loader-0.12.3.jar:?]
	at net.fabricmc.loader.impl.launch.knot.KnotClient.main(KnotClient.java:23) [fabric-loader-0.12.3.jar:?]
	at net.fabricmc.devlaunchinjector.Main.main(Main.java:86) [dev-launch-injector-0.2.1+build.8.jar:?]
[01:44:15] [main/WARN] (FabricLoader/Mixin) Error loading class: net/fabricmc/fabric/impl/client/indigo/renderer/render/TerrainRenderContext (java.lang.ClassNotFoundException: net/fabricmc/fabric/impl/client/indigo/renderer/render/TerrainRenderContext)
[01:44:15] [main/WARN] (FabricLoader/Mixin) @Mixin target net.fabricmc.fabric.impl.client.indigo.renderer.render.TerrainRenderContext was not found meteor-client-indigo.mixins.json:TerrainRenderContextMixin
[01:44:15] [main/WARN] (FabricLoader/Mixin) Catching java.lang.ClassNotFoundException: me/jellysquid/mods/sodium/client/model/light/data/LightDataAccess
java.lang.ClassNotFoundException: me/jellysquid/mods/sodium/client/model/light/data/LightDataAccess
	at net.fabricmc.loader.impl.launch.knot.MixinServiceKnot.getClassBytes(MixinServiceKnot.java:65) ~[fabric-loader-0.12.3.jar:?]
	at net.fabricmc.loader.impl.launch.knot.MixinServiceKnot.getClassNode(MixinServiceKnot.java:76) ~[fabric-loader-0.12.3.jar:?]
	at net.fabricmc.loader.impl.launch.knot.MixinServiceKnot.getClassNode(MixinServiceKnot.java:71) ~[fabric-loader-0.12.3.jar:?]
	at org.spongepowered.asm.mixin.transformer.ClassInfo.forName(ClassInfo.java:2022) [sponge-mixin-0.10.4+mixin.0.8.4.jar:0.10.4+mixin.0.8.4]
	at org.spongepowered.asm.mixin.transformer.MixinInfo.getTargetClass(MixinInfo.java:1018) [sponge-mixin-0.10.4+mixin.0.8.4.jar:0.10.4+mixin.0.8.4]
	at org.spongepowered.asm.mixin.transformer.MixinInfo.readTargetClasses(MixinInfo.java:1008) [sponge-mixin-0.10.4+mixin.0.8.4.jar:0.10.4+mixin.0.8.4]
	at org.spongepowered.asm.mixin.transformer.MixinInfo.parseTargets(MixinInfo.java:896) [sponge-mixin-0.10.4+mixin.0.8.4.jar:0.10.4+mixin.0.8.4]
	at org.spongepowered.asm.mixin.transformer.MixinConfig.prepareMixins(MixinConfig.java:869) [sponge-mixin-0.10.4+mixin.0.8.4.jar:0.10.4+mixin.0.8.4]
	at org.spongepowered.asm.mixin.transformer.MixinConfig.prepare(MixinConfig.java:781) [sponge-mixin-0.10.4+mixin.0.8.4.jar:0.10.4+mixin.0.8.4]
	at org.spongepowered.asm.mixin.transformer.MixinProcessor.prepareConfigs(MixinProcessor.java:540) [sponge-mixin-0.10.4+mixin.0.8.4.jar:0.10.4+mixin.0.8.4]
	at org.spongepowered.asm.mixin.transformer.MixinProcessor.select(MixinProcessor.java:462) [sponge-mixin-0.10.4+mixin.0.8.4.jar:0.10.4+mixin.0.8.4]
	at org.spongepowered.asm.mixin.transformer.MixinProcessor.checkSelect(MixinProcessor.java:438) [sponge-mixin-0.10.4+mixin.0.8.4.jar:0.10.4+mixin.0.8.4]
	at org.spongepowered.asm.mixin.transformer.MixinProcessor.applyMixins(MixinProcessor.java:290) [sponge-mixin-0.10.4+mixin.0.8.4.jar:0.10.4+mixin.0.8.4]
	at org.spongepowered.asm.mixin.transformer.MixinTransformer.transformClass(MixinTransformer.java:234) [sponge-mixin-0.10.4+mixin.0.8.4.jar:0.10.4+mixin.0.8.4]
	at org.spongepowered.asm.mixin.transformer.MixinTransformer.transformClassBytes(MixinTransformer.java:202) [sponge-mixin-0.10.4+mixin.0.8.4.jar:0.10.4+mixin.0.8.4]
	at net.fabricmc.loader.impl.launch.knot.KnotClassDelegate.getPostMixinClassByteArray(KnotClassDelegate.java:222) [fabric-loader-0.12.3.jar:?]
	at net.fabricmc.loader.impl.launch.knot.KnotClassDelegate.tryLoadClass(KnotClassDelegate.java:133) [fabric-loader-0.12.3.jar:?]
	at net.fabricmc.loader.impl.launch.knot.KnotClassLoader.loadClass(KnotClassLoader.java:155) [fabric-loader-0.12.3.jar:?]
	at java.lang.ClassLoader.loadClass(ClassLoader.java:519) [?:?]
	at net.fabricmc.loader.impl.game.minecraft.MinecraftGameProvider.launch(MinecraftGameProvider.java:566) [fabric-loader-0.12.3.jar:?]
	at net.fabricmc.loader.impl.launch.knot.Knot.launch(Knot.java:74) [fabric-loader-0.12.3.jar:?]
	at net.fabricmc.loader.impl.launch.knot.KnotClient.main(KnotClient.java:23) [fabric-loader-0.12.3.jar:?]
	at net.fabricmc.devlaunchinjector.Main.main(Main.java:86) [dev-launch-injector-0.2.1+build.8.jar:?]
[01:44:15] [main/WARN] (FabricLoader/Mixin) Error loading class: me/jellysquid/mods/sodium/client/model/light/data/LightDataAccess (java.lang.ClassNotFoundException: me/jellysquid/mods/sodium/client/model/light/data/LightDataAccess)
[01:44:15] [main/WARN] (FabricLoader/Mixin) @Mixin target me.jellysquid.mods.sodium.client.model.light.data.LightDataAccess was not found meteor-client-sodium.mixins.json:LightDataAccessMixin
[01:44:15] [main/WARN] (FabricLoader/Mixin) Catching java.lang.ClassNotFoundException: me/jellysquid/mods/sodium/client/render/occlusion/BlockOcclusionCache
java.lang.ClassNotFoundException: me/jellysquid/mods/sodium/client/render/occlusion/BlockOcclusionCache
	at net.fabricmc.loader.impl.launch.knot.MixinServiceKnot.getClassBytes(MixinServiceKnot.java:65) ~[fabric-loader-0.12.3.jar:?]
	at net.fabricmc.loader.impl.launch.knot.MixinServiceKnot.getClassNode(MixinServiceKnot.java:76) ~[fabric-loader-0.12.3.jar:?]
	at net.fabricmc.loader.impl.launch.knot.MixinServiceKnot.getClassNode(MixinServiceKnot.java:71) ~[fabric-loader-0.12.3.jar:?]
	at org.spongepowered.asm.mixin.transformer.ClassInfo.forName(ClassInfo.java:2022) [sponge-mixin-0.10.4+mixin.0.8.4.jar:0.10.4+mixin.0.8.4]
	at org.spongepowered.asm.mixin.transformer.MixinInfo.getTargetClass(MixinInfo.java:1018) [sponge-mixin-0.10.4+mixin.0.8.4.jar:0.10.4+mixin.0.8.4]
	at org.spongepowered.asm.mixin.transformer.MixinInfo.readTargetClasses(MixinInfo.java:1008) [sponge-mixin-0.10.4+mixin.0.8.4.jar:0.10.4+mixin.0.8.4]
	at org.spongepowered.asm.mixin.transformer.MixinInfo.parseTargets(MixinInfo.java:896) [sponge-mixin-0.10.4+mixin.0.8.4.jar:0.10.4+mixin.0.8.4]
	at org.spongepowered.asm.mixin.transformer.MixinConfig.prepareMixins(MixinConfig.java:869) [sponge-mixin-0.10.4+mixin.0.8.4.jar:0.10.4+mixin.0.8.4]
	at org.spongepowered.asm.mixin.transformer.MixinConfig.prepare(MixinConfig.java:781) [sponge-mixin-0.10.4+mixin.0.8.4.jar:0.10.4+mixin.0.8.4]
	at org.spongepowered.asm.mixin.transformer.MixinProcessor.prepareConfigs(MixinProcessor.java:540) [sponge-mixin-0.10.4+mixin.0.8.4.jar:0.10.4+mixin.0.8.4]
	at org.spongepowered.asm.mixin.transformer.MixinProcessor.select(MixinProcessor.java:462) [sponge-mixin-0.10.4+mixin.0.8.4.jar:0.10.4+mixin.0.8.4]
	at org.spongepowered.asm.mixin.transformer.MixinProcessor.checkSelect(MixinProcessor.java:438) [sponge-mixin-0.10.4+mixin.0.8.4.jar:0.10.4+mixin.0.8.4]
	at org.spongepowered.asm.mixin.transformer.MixinProcessor.applyMixins(MixinProcessor.java:290) [sponge-mixin-0.10.4+mixin.0.8.4.jar:0.10.4+mixin.0.8.4]
	at org.spongepowered.asm.mixin.transformer.MixinTransformer.transformClass(MixinTransformer.java:234) [sponge-mixin-0.10.4+mixin.0.8.4.jar:0.10.4+mixin.0.8.4]
	at org.spongepowered.asm.mixin.transformer.MixinTransformer.transformClassBytes(MixinTransformer.java:202) [sponge-mixin-0.10.4+mixin.0.8.4.jar:0.10.4+mixin.0.8.4]
	at net.fabricmc.loader.impl.launch.knot.KnotClassDelegate.getPostMixinClassByteArray(KnotClassDelegate.java:222) [fabric-loader-0.12.3.jar:?]
	at net.fabricmc.loader.impl.launch.knot.KnotClassDelegate.tryLoadClass(KnotClassDelegate.java:133) [fabric-loader-0.12.3.jar:?]
	at net.fabricmc.loader.impl.launch.knot.KnotClassLoader.loadClass(KnotClassLoader.java:155) [fabric-loader-0.12.3.jar:?]
	at java.lang.ClassLoader.loadClass(ClassLoader.java:519) [?:?]
	at net.fabricmc.loader.impl.game.minecraft.MinecraftGameProvider.launch(MinecraftGameProvider.java:566) [fabric-loader-0.12.3.jar:?]
	at net.fabricmc.loader.impl.launch.knot.Knot.launch(Knot.java:74) [fabric-loader-0.12.3.jar:?]
	at net.fabricmc.loader.impl.launch.knot.KnotClient.main(KnotClient.java:23) [fabric-loader-0.12.3.jar:?]
	at net.fabricmc.devlaunchinjector.Main.main(Main.java:86) [dev-launch-injector-0.2.1+build.8.jar:?]
[01:44:15] [main/WARN] (FabricLoader/Mixin) Error loading class: me/jellysquid/mods/sodium/client/render/occlusion/BlockOcclusionCache (java.lang.ClassNotFoundException: me/jellysquid/mods/sodium/client/render/occlusion/BlockOcclusionCache)
[01:44:15] [main/WARN] (FabricLoader/Mixin) @Mixin target me.jellysquid.mods.sodium.client.render.occlusion.BlockOcclusionCache was not found meteor-client-sodium.mixins.json:SodiumBlockOcculsionCacheMixin
[01:44:15] [main/WARN] (FabricLoader/Mixin) Catching java.lang.ClassNotFoundException: me/jellysquid/mods/sodium/client/render/pipeline/BlockRenderer
java.lang.ClassNotFoundException: me/jellysquid/mods/sodium/client/render/pipeline/BlockRenderer
	at net.fabricmc.loader.impl.launch.knot.MixinServiceKnot.getClassBytes(MixinServiceKnot.java:65) ~[fabric-loader-0.12.3.jar:?]
	at net.fabricmc.loader.impl.launch.knot.MixinServiceKnot.getClassNode(MixinServiceKnot.java:76) ~[fabric-loader-0.12.3.jar:?]
	at net.fabricmc.loader.impl.launch.knot.MixinServiceKnot.getClassNode(MixinServiceKnot.java:71) ~[fabric-loader-0.12.3.jar:?]
	at org.spongepowered.asm.mixin.transformer.ClassInfo.forName(ClassInfo.java:2022) [sponge-mixin-0.10.4+mixin.0.8.4.jar:0.10.4+mixin.0.8.4]
	at org.spongepowered.asm.mixin.transformer.MixinInfo.getTargetClass(MixinInfo.java:1018) [sponge-mixin-0.10.4+mixin.0.8.4.jar:0.10.4+mixin.0.8.4]
	at org.spongepowered.asm.mixin.transformer.MixinInfo.readTargetClasses(MixinInfo.java:1008) [sponge-mixin-0.10.4+mixin.0.8.4.jar:0.10.4+mixin.0.8.4]
	at org.spongepowered.asm.mixin.transformer.MixinInfo.parseTargets(MixinInfo.java:896) [sponge-mixin-0.10.4+mixin.0.8.4.jar:0.10.4+mixin.0.8.4]
	at org.spongepowered.asm.mixin.transformer.MixinConfig.prepareMixins(MixinConfig.java:869) [sponge-mixin-0.10.4+mixin.0.8.4.jar:0.10.4+mixin.0.8.4]
	at org.spongepowered.asm.mixin.transformer.MixinConfig.prepare(MixinConfig.java:781) [sponge-mixin-0.10.4+mixin.0.8.4.jar:0.10.4+mixin.0.8.4]
	at org.spongepowered.asm.mixin.transformer.MixinProcessor.prepareConfigs(MixinProcessor.java:540) [sponge-mixin-0.10.4+mixin.0.8.4.jar:0.10.4+mixin.0.8.4]
	at org.spongepowered.asm.mixin.transformer.MixinProcessor.select(MixinProcessor.java:462) [sponge-mixin-0.10.4+mixin.0.8.4.jar:0.10.4+mixin.0.8.4]
	at org.spongepowered.asm.mixin.transformer.MixinProcessor.checkSelect(MixinProcessor.java:438) [sponge-mixin-0.10.4+mixin.0.8.4.jar:0.10.4+mixin.0.8.4]
	at org.spongepowered.asm.mixin.transformer.MixinProcessor.applyMixins(MixinProcessor.java:290) [sponge-mixin-0.10.4+mixin.0.8.4.jar:0.10.4+mixin.0.8.4]
	at org.spongepowered.asm.mixin.transformer.MixinTransformer.transformClass(MixinTransformer.java:234) [sponge-mixin-0.10.4+mixin.0.8.4.jar:0.10.4+mixin.0.8.4]
	at org.spongepowered.asm.mixin.transformer.MixinTransformer.transformClassBytes(MixinTransformer.java:202) [sponge-mixin-0.10.4+mixin.0.8.4.jar:0.10.4+mixin.0.8.4]
	at net.fabricmc.loader.impl.launch.knot.KnotClassDelegate.getPostMixinClassByteArray(KnotClassDelegate.java:222) [fabric-loader-0.12.3.jar:?]
	at net.fabricmc.loader.impl.launch.knot.KnotClassDelegate.tryLoadClass(KnotClassDelegate.java:133) [fabric-loader-0.12.3.jar:?]
	at net.fabricmc.loader.impl.launch.knot.KnotClassLoader.loadClass(KnotClassLoader.java:155) [fabric-loader-0.12.3.jar:?]
	at java.lang.ClassLoader.loadClass(ClassLoader.java:519) [?:?]
	at net.fabricmc.loader.impl.game.minecraft.MinecraftGameProvider.launch(MinecraftGameProvider.java:566) [fabric-loader-0.12.3.jar:?]
	at net.fabricmc.loader.impl.launch.knot.Knot.launch(Knot.java:74) [fabric-loader-0.12.3.jar:?]
	at net.fabricmc.loader.impl.launch.knot.KnotClient.main(KnotClient.java:23) [fabric-loader-0.12.3.jar:?]
	at net.fabricmc.devlaunchinjector.Main.main(Main.java:86) [dev-launch-injector-0.2.1+build.8.jar:?]
[01:44:15] [main/WARN] (FabricLoader/Mixin) Error loading class: me/jellysquid/mods/sodium/client/render/pipeline/BlockRenderer (java.lang.ClassNotFoundException: me/jellysquid/mods/sodium/client/render/pipeline/BlockRenderer)
[01:44:15] [main/WARN] (FabricLoader/Mixin) @Mixin target me.jellysquid.mods.sodium.client.render.pipeline.BlockRenderer was not found meteor-client-sodium.mixins.json:SodiumBlockRendererMixin
[01:44:15] [main/WARN] (FabricLoader/Mixin) Catching java.lang.ClassNotFoundException: me/jellysquid/mods/sodium/client/render/pipeline/FluidRenderer
java.lang.ClassNotFoundException: me/jellysquid/mods/sodium/client/render/pipeline/FluidRenderer
	at net.fabricmc.loader.impl.launch.knot.MixinServiceKnot.getClassBytes(MixinServiceKnot.java:65) ~[fabric-loader-0.12.3.jar:?]
	at net.fabricmc.loader.impl.launch.knot.MixinServiceKnot.getClassNode(MixinServiceKnot.java:76) ~[fabric-loader-0.12.3.jar:?]
	at net.fabricmc.loader.impl.launch.knot.MixinServiceKnot.getClassNode(MixinServiceKnot.java:71) ~[fabric-loader-0.12.3.jar:?]
	at org.spongepowered.asm.mixin.transformer.ClassInfo.forName(ClassInfo.java:2022) [sponge-mixin-0.10.4+mixin.0.8.4.jar:0.10.4+mixin.0.8.4]
	at org.spongepowered.asm.mixin.transformer.MixinInfo.getTargetClass(MixinInfo.java:1018) [sponge-mixin-0.10.4+mixin.0.8.4.jar:0.10.4+mixin.0.8.4]
	at org.spongepowered.asm.mixin.transformer.MixinInfo.readTargetClasses(MixinInfo.java:1008) [sponge-mixin-0.10.4+mixin.0.8.4.jar:0.10.4+mixin.0.8.4]
	at org.spongepowered.asm.mixin.transformer.MixinInfo.parseTargets(MixinInfo.java:896) [sponge-mixin-0.10.4+mixin.0.8.4.jar:0.10.4+mixin.0.8.4]
	at org.spongepowered.asm.mixin.transformer.MixinConfig.prepareMixins(MixinConfig.java:869) [sponge-mixin-0.10.4+mixin.0.8.4.jar:0.10.4+mixin.0.8.4]
	at org.spongepowered.asm.mixin.transformer.MixinConfig.prepare(MixinConfig.java:781) [sponge-mixin-0.10.4+mixin.0.8.4.jar:0.10.4+mixin.0.8.4]
	at org.spongepowered.asm.mixin.transformer.MixinProcessor.prepareConfigs(MixinProcessor.java:540) [sponge-mixin-0.10.4+mixin.0.8.4.jar:0.10.4+mixin.0.8.4]
	at org.spongepowered.asm.mixin.transformer.MixinProcessor.select(MixinProcessor.java:462) [sponge-mixin-0.10.4+mixin.0.8.4.jar:0.10.4+mixin.0.8.4]
	at org.spongepowered.asm.mixin.transformer.MixinProcessor.checkSelect(MixinProcessor.java:438) [sponge-mixin-0.10.4+mixin.0.8.4.jar:0.10.4+mixin.0.8.4]
	at org.spongepowered.asm.mixin.transformer.MixinProcessor.applyMixins(MixinProcessor.java:290) [sponge-mixin-0.10.4+mixin.0.8.4.jar:0.10.4+mixin.0.8.4]
	at org.spongepowered.asm.mixin.transformer.MixinTransformer.transformClass(MixinTransformer.java:234) [sponge-mixin-0.10.4+mixin.0.8.4.jar:0.10.4+mixin.0.8.4]
	at org.spongepowered.asm.mixin.transformer.MixinTransformer.transformClassBytes(MixinTransformer.java:202) [sponge-mixin-0.10.4+mixin.0.8.4.jar:0.10.4+mixin.0.8.4]
	at net.fabricmc.loader.impl.launch.knot.KnotClassDelegate.getPostMixinClassByteArray(KnotClassDelegate.java:222) [fabric-loader-0.12.3.jar:?]
	at net.fabricmc.loader.impl.launch.knot.KnotClassDelegate.tryLoadClass(KnotClassDelegate.java:133) [fabric-loader-0.12.3.jar:?]
	at net.fabricmc.loader.impl.launch.knot.KnotClassLoader.loadClass(KnotClassLoader.java:155) [fabric-loader-0.12.3.jar:?]
	at java.lang.ClassLoader.loadClass(ClassLoader.java:519) [?:?]
	at net.fabricmc.loader.impl.game.minecraft.MinecraftGameProvider.launch(MinecraftGameProvider.java:566) [fabric-loader-0.12.3.jar:?]
	at net.fabricmc.loader.impl.launch.knot.Knot.launch(Knot.java:74) [fabric-loader-0.12.3.jar:?]
	at net.fabricmc.loader.impl.launch.knot.KnotClient.main(KnotClient.java:23) [fabric-loader-0.12.3.jar:?]
	at net.fabricmc.devlaunchinjector.Main.main(Main.java:86) [dev-launch-injector-0.2.1+build.8.jar:?]
[01:44:15] [main/WARN] (FabricLoader/Mixin) Error loading class: me/jellysquid/mods/sodium/client/render/pipeline/FluidRenderer (java.lang.ClassNotFoundException: me/jellysquid/mods/sodium/client/render/pipeline/FluidRenderer)
[01:44:15] [main/WARN] (FabricLoader/Mixin) @Mixin target me.jellysquid.mods.sodium.client.render.pipeline.FluidRenderer was not found meteor-client-sodium.mixins.json:SodiumFluidRendererMixin
[01:44:15] [main/WARN] (FabricLoader/Mixin) Catching java.lang.ClassNotFoundException: grondag/canvas/render/world/CanvasWorldRenderer
java.lang.ClassNotFoundException: grondag/canvas/render/world/CanvasWorldRenderer
	at net.fabricmc.loader.impl.launch.knot.MixinServiceKnot.getClassBytes(MixinServiceKnot.java:65) ~[fabric-loader-0.12.3.jar:?]
	at net.fabricmc.loader.impl.launch.knot.MixinServiceKnot.getClassNode(MixinServiceKnot.java:76) ~[fabric-loader-0.12.3.jar:?]
	at net.fabricmc.loader.impl.launch.knot.MixinServiceKnot.getClassNode(MixinServiceKnot.java:71) ~[fabric-loader-0.12.3.jar:?]
	at org.spongepowered.asm.mixin.transformer.ClassInfo.forName(ClassInfo.java:2022) [sponge-mixin-0.10.4+mixin.0.8.4.jar:0.10.4+mixin.0.8.4]
	at org.spongepowered.asm.mixin.transformer.MixinInfo.getTargetClass(MixinInfo.java:1018) [sponge-mixin-0.10.4+mixin.0.8.4.jar:0.10.4+mixin.0.8.4]
	at org.spongepowered.asm.mixin.transformer.MixinInfo.readTargetClasses(MixinInfo.java:1008) [sponge-mixin-0.10.4+mixin.0.8.4.jar:0.10.4+mixin.0.8.4]
	at org.spongepowered.asm.mixin.transformer.MixinInfo.parseTargets(MixinInfo.java:896) [sponge-mixin-0.10.4+mixin.0.8.4.jar:0.10.4+mixin.0.8.4]
	at org.spongepowered.asm.mixin.transformer.MixinConfig.prepareMixins(MixinConfig.java:869) [sponge-mixin-0.10.4+mixin.0.8.4.jar:0.10.4+mixin.0.8.4]
	at org.spongepowered.asm.mixin.transformer.MixinConfig.prepare(MixinConfig.java:781) [sponge-mixin-0.10.4+mixin.0.8.4.jar:0.10.4+mixin.0.8.4]
	at org.spongepowered.asm.mixin.transformer.MixinProcessor.prepareConfigs(MixinProcessor.java:540) [sponge-mixin-0.10.4+mixin.0.8.4.jar:0.10.4+mixin.0.8.4]
	at org.spongepowered.asm.mixin.transformer.MixinProcessor.select(MixinProcessor.java:462) [sponge-mixin-0.10.4+mixin.0.8.4.jar:0.10.4+mixin.0.8.4]
	at org.spongepowered.asm.mixin.transformer.MixinProcessor.checkSelect(MixinProcessor.java:438) [sponge-mixin-0.10.4+mixin.0.8.4.jar:0.10.4+mixin.0.8.4]
	at org.spongepowered.asm.mixin.transformer.MixinProcessor.applyMixins(MixinProcessor.java:290) [sponge-mixin-0.10.4+mixin.0.8.4.jar:0.10.4+mixin.0.8.4]
	at org.spongepowered.asm.mixin.transformer.MixinTransformer.transformClass(MixinTransformer.java:234) [sponge-mixin-0.10.4+mixin.0.8.4.jar:0.10.4+mixin.0.8.4]
	at org.spongepowered.asm.mixin.transformer.MixinTransformer.transformClassBytes(MixinTransformer.java:202) [sponge-mixin-0.10.4+mixin.0.8.4.jar:0.10.4+mixin.0.8.4]
	at net.fabricmc.loader.impl.launch.knot.KnotClassDelegate.getPostMixinClassByteArray(KnotClassDelegate.java:222) [fabric-loader-0.12.3.jar:?]
	at net.fabricmc.loader.impl.launch.knot.KnotClassDelegate.tryLoadClass(KnotClassDelegate.java:133) [fabric-loader-0.12.3.jar:?]
	at net.fabricmc.loader.impl.launch.knot.KnotClassLoader.loadClass(KnotClassLoader.java:155) [fabric-loader-0.12.3.jar:?]
	at java.lang.ClassLoader.loadClass(ClassLoader.java:519) [?:?]
	at net.fabricmc.loader.impl.game.minecraft.MinecraftGameProvider.launch(MinecraftGameProvider.java:566) [fabric-loader-0.12.3.jar:?]
	at net.fabricmc.loader.impl.launch.knot.Knot.launch(Knot.java:74) [fabric-loader-0.12.3.jar:?]
	at net.fabricmc.loader.impl.launch.knot.KnotClient.main(KnotClient.java:23) [fabric-loader-0.12.3.jar:?]
	at net.fabricmc.devlaunchinjector.Main.main(Main.java:86) [dev-launch-injector-0.2.1+build.8.jar:?]
[01:44:15] [main/WARN] (FabricLoader/Mixin) Error loading class: grondag/canvas/render/world/CanvasWorldRenderer (java.lang.ClassNotFoundException: grondag/canvas/render/world/CanvasWorldRenderer)
[01:44:15] [main/WARN] (FabricLoader/Mixin) @Mixin target grondag.canvas.render.world.CanvasWorldRenderer was not found meteor-client-canvas.mixins.json:CanvasWorldRendererMixin
[01:44:15] [main/WARN] (FabricLoader/Mixin) Catching java.lang.ClassNotFoundException: me/jellysquid/mods/sodium/client/world/SodiumChunkManager
java.lang.ClassNotFoundException: me/jellysquid/mods/sodium/client/world/SodiumChunkManager
	at net.fabricmc.loader.impl.launch.knot.MixinServiceKnot.getClassBytes(MixinServiceKnot.java:65) ~[fabric-loader-0.12.3.jar:?]
	at net.fabricmc.loader.impl.launch.knot.MixinServiceKnot.getClassNode(MixinServiceKnot.java:76) ~[fabric-loader-0.12.3.jar:?]
	at net.fabricmc.loader.impl.launch.knot.MixinServiceKnot.getClassNode(MixinServiceKnot.java:71) ~[fabric-loader-0.12.3.jar:?]
	at org.spongepowered.asm.mixin.transformer.ClassInfo.forName(ClassInfo.java:2022) [sponge-mixin-0.10.4+mixin.0.8.4.jar:0.10.4+mixin.0.8.4]
	at org.spongepowered.asm.mixin.transformer.MixinInfo.getTargetClass(MixinInfo.java:1018) [sponge-mixin-0.10.4+mixin.0.8.4.jar:0.10.4+mixin.0.8.4]
	at org.spongepowered.asm.mixin.transformer.MixinInfo.readTargetClasses(MixinInfo.java:1008) [sponge-mixin-0.10.4+mixin.0.8.4.jar:0.10.4+mixin.0.8.4]
	at org.spongepowered.asm.mixin.transformer.MixinInfo.parseTargets(MixinInfo.java:896) [sponge-mixin-0.10.4+mixin.0.8.4.jar:0.10.4+mixin.0.8.4]
	at org.spongepowered.asm.mixin.transformer.MixinConfig.prepareMixins(MixinConfig.java:869) [sponge-mixin-0.10.4+mixin.0.8.4.jar:0.10.4+mixin.0.8.4]
	at org.spongepowered.asm.mixin.transformer.MixinConfig.prepare(MixinConfig.java:781) [sponge-mixin-0.10.4+mixin.0.8.4.jar:0.10.4+mixin.0.8.4]
	at org.spongepowered.asm.mixin.transformer.MixinProcessor.prepareConfigs(MixinProcessor.java:540) [sponge-mixin-0.10.4+mixin.0.8.4.jar:0.10.4+mixin.0.8.4]
	at org.spongepowered.asm.mixin.transformer.MixinProcessor.select(MixinProcessor.java:462) [sponge-mixin-0.10.4+mixin.0.8.4.jar:0.10.4+mixin.0.8.4]
	at org.spongepowered.asm.mixin.transformer.MixinProcessor.checkSelect(MixinProcessor.java:438) [sponge-mixin-0.10.4+mixin.0.8.4.jar:0.10.4+mixin.0.8.4]
	at org.spongepowered.asm.mixin.transformer.MixinProcessor.applyMixins(MixinProcessor.java:290) [sponge-mixin-0.10.4+mixin.0.8.4.jar:0.10.4+mixin.0.8.4]
	at org.spongepowered.asm.mixin.transformer.MixinTransformer.transformClass(MixinTransformer.java:234) [sponge-mixin-0.10.4+mixin.0.8.4.jar:0.10.4+mixin.0.8.4]
	at org.spongepowered.asm.mixin.transformer.MixinTransformer.transformClassBytes(MixinTransformer.java:202) [sponge-mixin-0.10.4+mixin.0.8.4.jar:0.10.4+mixin.0.8.4]
	at net.fabricmc.loader.impl.launch.knot.KnotClassDelegate.getPostMixinClassByteArray(KnotClassDelegate.java:222) [fabric-loader-0.12.3.jar:?]
	at net.fabricmc.loader.impl.launch.knot.KnotClassDelegate.tryLoadClass(KnotClassDelegate.java:133) [fabric-loader-0.12.3.jar:?]
	at net.fabricmc.loader.impl.launch.knot.KnotClassLoader.loadClass(KnotClassLoader.java:155) [fabric-loader-0.12.3.jar:?]
	at java.lang.ClassLoader.loadClass(ClassLoader.java:519) [?:?]
	at net.fabricmc.loader.impl.game.minecraft.MinecraftGameProvider.launch(MinecraftGameProvider.java:566) [fabric-loader-0.12.3.jar:?]
	at net.fabricmc.loader.impl.launch.knot.Knot.launch(Knot.java:74) [fabric-loader-0.12.3.jar:?]
	at net.fabricmc.loader.impl.launch.knot.KnotClient.main(KnotClient.java:23) [fabric-loader-0.12.3.jar:?]
	at net.fabricmc.devlaunchinjector.Main.main(Main.java:86) [dev-launch-injector-0.2.1+build.8.jar:?]
[01:44:15] [main/WARN] (FabricLoader/Mixin) Error loading class: me/jellysquid/mods/sodium/client/world/SodiumChunkManager (java.lang.ClassNotFoundException: me/jellysquid/mods/sodium/client/world/SodiumChunkManager)
[01:44:15] [main/WARN] (FabricLoader/Mixin) Catching java.lang.ClassNotFoundException: me/jellysquid/mods/sodium/client/util/collections/FixedLongHashTable
java.lang.ClassNotFoundException: me/jellysquid/mods/sodium/client/util/collections/FixedLongHashTable
	at net.fabricmc.loader.impl.launch.knot.MixinServiceKnot.getClassBytes(MixinServiceKnot.java:65) ~[fabric-loader-0.12.3.jar:?]
	at net.fabricmc.loader.impl.launch.knot.MixinServiceKnot.getClassNode(MixinServiceKnot.java:76) ~[fabric-loader-0.12.3.jar:?]
	at net.fabricmc.loader.impl.launch.knot.MixinServiceKnot.getClassNode(MixinServiceKnot.java:71) ~[fabric-loader-0.12.3.jar:?]
	at org.spongepowered.asm.mixin.transformer.ClassInfo.forName(ClassInfo.java:2022) [sponge-mixin-0.10.4+mixin.0.8.4.jar:0.10.4+mixin.0.8.4]
	at org.spongepowered.asm.mixin.transformer.MixinInfo.getTargetClass(MixinInfo.java:1018) [sponge-mixin-0.10.4+mixin.0.8.4.jar:0.10.4+mixin.0.8.4]
	at org.spongepowered.asm.mixin.transformer.MixinInfo.readTargetClasses(MixinInfo.java:1008) [sponge-mixin-0.10.4+mixin.0.8.4.jar:0.10.4+mixin.0.8.4]
	at org.spongepowered.asm.mixin.transformer.MixinInfo.parseTargets(MixinInfo.java:896) [sponge-mixin-0.10.4+mixin.0.8.4.jar:0.10.4+mixin.0.8.4]
	at org.spongepowered.asm.mixin.transformer.MixinConfig.prepareMixins(MixinConfig.java:869) [sponge-mixin-0.10.4+mixin.0.8.4.jar:0.10.4+mixin.0.8.4]
	at org.spongepowered.asm.mixin.transformer.MixinConfig.prepare(MixinConfig.java:781) [sponge-mixin-0.10.4+mixin.0.8.4.jar:0.10.4+mixin.0.8.4]
	at org.spongepowered.asm.mixin.transformer.MixinProcessor.prepareConfigs(MixinProcessor.java:540) [sponge-mixin-0.10.4+mixin.0.8.4.jar:0.10.4+mixin.0.8.4]
	at org.spongepowered.asm.mixin.transformer.MixinProcessor.select(MixinProcessor.java:462) [sponge-mixin-0.10.4+mixin.0.8.4.jar:0.10.4+mixin.0.8.4]
	at org.spongepowered.asm.mixin.transformer.MixinProcessor.checkSelect(MixinProcessor.java:438) [sponge-mixin-0.10.4+mixin.0.8.4.jar:0.10.4+mixin.0.8.4]
	at org.spongepowered.asm.mixin.transformer.MixinProcessor.applyMixins(MixinProcessor.java:290) [sponge-mixin-0.10.4+mixin.0.8.4.jar:0.10.4+mixin.0.8.4]
	at org.spongepowered.asm.mixin.transformer.MixinTransformer.transformClass(MixinTransformer.java:234) [sponge-mixin-0.10.4+mixin.0.8.4.jar:0.10.4+mixin.0.8.4]
	at org.spongepowered.asm.mixin.transformer.MixinTransformer.transformClassBytes(MixinTransformer.java:202) [sponge-mixin-0.10.4+mixin.0.8.4.jar:0.10.4+mixin.0.8.4]
	at net.fabricmc.loader.impl.launch.knot.KnotClassDelegate.getPostMixinClassByteArray(KnotClassDelegate.java:222) [fabric-loader-0.12.3.jar:?]
	at net.fabricmc.loader.impl.launch.knot.KnotClassDelegate.tryLoadClass(KnotClassDelegate.java:133) [fabric-loader-0.12.3.jar:?]
	at net.fabricmc.loader.impl.launch.knot.KnotClassLoader.loadClass(KnotClassLoader.java:155) [fabric-loader-0.12.3.jar:?]
	at java.lang.ClassLoader.loadClass(ClassLoader.java:519) [?:?]
	at net.fabricmc.loader.impl.game.minecraft.MinecraftGameProvider.launch(MinecraftGameProvider.java:566) [fabric-loader-0.12.3.jar:?]
	at net.fabricmc.loader.impl.launch.knot.Knot.launch(Knot.java:74) [fabric-loader-0.12.3.jar:?]
	at net.fabricmc.loader.impl.launch.knot.KnotClient.main(KnotClient.java:23) [fabric-loader-0.12.3.jar:?]
	at net.fabricmc.devlaunchinjector.Main.main(Main.java:86) [dev-launch-injector-0.2.1+build.8.jar:?]
[01:44:15] [main/WARN] (FabricLoader/Mixin) Error loading class: me/jellysquid/mods/sodium/client/util/collections/FixedLongHashTable (java.lang.ClassNotFoundException: me/jellysquid/mods/sodium/client/util/collections/FixedLongHashTable)
[01:44:15] [main/WARN] (FileUtil) Configuration conflict: there is more than one oshi.properties file on the classpath
[01:44:15] [main/WARN] (FileUtil) Configuration conflict: there is more than one oshi.architecture.properties file on the classpath
[01:44:20] [Render thread/INFO] (FabricLoader/Mixin) meteor-client.mixins.json:MinecraftClientAccessor->@Accessor[FIELD_GETTER]::getFps()I should be static as its target is
[01:44:20] [Render thread/INFO] (Minecraft) Environment: authHost='https://authserver.mojang.com', accountsHost='https://api.mojang.com', sessionHost='https://sessionserver.mojang.com', servicesHost='https://api.minecraftservices.com', name='PROD'
[01:44:22] [Render thread/ERROR] (Minecraft) Failed to verify authentication
com.mojang.authlib.exceptions.InvalidCredentialsException: Status: 401
	at com.mojang.authlib.exceptions.MinecraftClientHttpException.toAuthenticationException(MinecraftClientHttpException.java:56) ~[authlib-2.3.31.jar:?]
	at com.mojang.authlib.yggdrasil.YggdrasilSocialInteractionsService.checkPrivileges(YggdrasilSocialInteractionsService.java:112) ~[authlib-2.3.31.jar:?]
	at com.mojang.authlib.yggdrasil.YggdrasilSocialInteractionsService.<init>(YggdrasilSocialInteractionsService.java:42) ~[authlib-2.3.31.jar:?]
	at com.mojang.authlib.yggdrasil.YggdrasilAuthenticationService.createSocialInteractionsService(YggdrasilAuthenticationService.java:151) ~[authlib-2.3.31.jar:?]
	at net.minecraft.client.MinecraftClient.createSocialInteractionsService(MinecraftClient.java:670) [minecraft-1.17.1-mapped-net.fabricmc.yarn-1.17.1+build.62-v2.jar:?]
	at net.minecraft.client.MinecraftClient.<init>(MinecraftClient.java:429) [minecraft-1.17.1-mapped-net.fabricmc.yarn-1.17.1+build.62-v2.jar:?]
	at net.minecraft.client.main.Main.main(Main.java:179) [minecraft-1.17.1-mapped-net.fabricmc.yarn-1.17.1+build.62-v2.jar:?]
	at jdk.internal.reflect.NativeMethodAccessorImpl.invoke0(Native Method) ~[?:?]
	at jdk.internal.reflect.NativeMethodAccessorImpl.invoke(NativeMethodAccessorImpl.java:78) ~[?:?]
	at jdk.internal.reflect.DelegatingMethodAccessorImpl.invoke(DelegatingMethodAccessorImpl.java:43) ~[?:?]
	at java.lang.reflect.Method.invoke(Method.java:567) ~[?:?]
	at net.fabricmc.loader.impl.game.minecraft.MinecraftGameProvider.launch(MinecraftGameProvider.java:568) [fabric-loader-0.12.3.jar:?]
	at net.fabricmc.loader.impl.launch.knot.Knot.launch(Knot.java:74) [fabric-loader-0.12.3.jar:?]
	at net.fabricmc.loader.impl.launch.knot.KnotClient.main(KnotClient.java:23) [fabric-loader-0.12.3.jar:?]
	at net.fabricmc.devlaunchinjector.Main.main(Main.java:86) [dev-launch-injector-0.2.1+build.8.jar:?]
Caused by: com.mojang.authlib.exceptions.MinecraftClientHttpException: Status: 401
	at com.mojang.authlib.minecraft.client.MinecraftClient.readInputStream(MinecraftClient.java:77) ~[authlib-2.3.31.jar:?]
	at com.mojang.authlib.minecraft.client.MinecraftClient.get(MinecraftClient.java:47) ~[authlib-2.3.31.jar:?]
	at com.mojang.authlib.yggdrasil.YggdrasilSocialInteractionsService.checkPrivileges(YggdrasilSocialInteractionsService.java:104) ~[authlib-2.3.31.jar:?]
	... 13 more
[01:44:22] [Render thread/INFO] (Minecraft) Setting user: Player644
[01:44:22] [Render thread/INFO] (Minecraft) Backend library: LWJGL version 3.2.2 build 10
[01:44:24] [Render thread/WARN] (Minecraft) ERROR : Couldn't load Narrator library : Unable to load library 'fliteWrapper':
libflite.so.1: cannot open shared object file: No such file or directory
libflite.so.1: cannot open shared object file: No such file or directory
Native library (linux-x86-64/libfliteWrapper.so) not found in resource path (/home/sep/epik_addon/rpc-addon/build/classes/java/main:/home/sep/epik_addon/rpc-addon/build/resources/main:/home/sep/.gradle/caches/fabric-loom/yarn-1.17.1+build.62-v2-final.jar:/home/sep/.gradle/caches/modules-2/files-2.1/net.fabricmc/tiny-mappings-parser/0.3.0+build.17/2f10540a290e382a7cd35c16ec3900046a4e252/tiny-mappings-parser-0.3.0+build.17.jar:/home/sep/.gradle/caches/modules-2/files-2.1/net.fabricmc/sponge-mixin/0.10.4+mixin.0.8.4/2db026cfe22893ef3ed94af152265400b81bc0e3/sponge-mixin-0.10.4+mixin.0.8.4.jar:/home/sep/.gradle/caches/modules-2/files-2.1/net.fabricmc/tiny-remapper/0.6.0/f933e87da52f2e36f73ddfe5401f1029937d4118/tiny-remapper-0.6.0.jar:/home/sep/.gradle/caches/modules-2/files-2.1/net.fabricmc/access-widener/2.0.1/ef3d217a193b22d6dde944ccd4af525a89096b2f/access-widener-2.0.1.jar:/home/sep/.gradle/caches/modules-2/files-2.1/org.ow2.asm/asm/9.2/81a03f76019c67362299c40e0ba13405f5467bff/asm-9.2.jar:/home/sep/.gradle/caches/modules-2/files-2.1/org.ow2.asm/asm-analysis/9.2/7487dd756daf96cab9986e44b9d7bcb796a61c10/asm-analysis-9.2.jar:/home/sep/.gradle/caches/modules-2/files-2.1/org.ow2.asm/asm-commons/9.2/f4d7f0fc9054386f2893b602454d48e07d4fbead/asm-commons-9.2.jar:/home/sep/.gradle/caches/modules-2/files-2.1/org.ow2.asm/asm-tree/9.2/d96c99a30f5e1a19b0e609dbb19a44d8518ac01e/asm-tree-9.2.jar:/home/sep/.gradle/caches/modules-2/files-2.1/org.ow2.asm/asm-util/9.2/fbc178fc5ba3dab50fd7e8a5317b8b647c8e8946/asm-util-9.2.jar:/home/sep/.gradle/caches/modules-2/files-2.1/net.fabricmc/dev-launch-injector/0.2.1+build.8/da8bef7e6e2f952da707f282bdb46882a0fce5e3/dev-launch-injector-0.2.1+build.8.jar:/home/sep/.gradle/caches/modules-2/files-2.1/net.minecrell/terminalconsoleappender/1.2.0/96d02cd3b384ff015a8fef4223bcb4ccf1717c95/terminalconsoleappender-1.2.0.jar:/home/sep/.gradle/caches/modules-2/files-2.1/com.mojang/blocklist/1.0.5/9da540f21c9a8d5ed7c029e1f88d1a6dabb0d6ad/blocklist-1.0.5.jar:/home/sep/.gradle/caches/modules-2/files-2.1/com.mojang/patchy/2.1.6/ce112c16c6275fdfff2d30208533ec906a191f71/patchy-2.1.6.jar:/home/sep/.gradle/caches/modules-2/files-2.1/com.github.oshi/oshi-core/5.7.5/725374463734aacde70a3b20f018aca3f922655f/oshi-core-5.7.5.jar:/home/sep/.gradle/caches/modules-2/files-2.1/net.java.dev.jna/jna/5.8.0/3551d8d827e54858214107541d3aff9c615cb615/jna-5.8.0.jar:/home/sep/.gradle/caches/modules-2/files-2.1/net.java.dev.jna/jna-platform/5.8.0/2f12f6d7f7652270d13624cef1b82d8cd9a5398e/jna-platform-5.8.0.jar:/home/sep/.gradle/caches/modules-2/files-2.1/org.slf4j/slf4j-api/1.8.0-beta4/83b0359d847ee053d745be7ec0d8e9e8a44304b4/slf4j-api-1.8.0-beta4.jar:/home/sep/.gradle/caches/modules-2/files-2.1/org.apache.logging.log4j/log4j-slf4j18-impl/2.14.1/312b4d91b21160b9fab43600fa787f31e8cab930/log4j-slf4j18-impl-2.14.1.jar:/home/sep/.gradle/caches/modules-2/files-2.1/com.ibm.icu/icu4j/66.1/72c7519b6d91f7a1f993bd44a99fe95d67211b27/icu4j-66.1.jar:/home/sep/.gradle/caches/modules-2/files-2.1/com.mojang/javabridge/1.1.23/3e5084d916ba393dfd82928ec97663aeb10b2e2c/javabridge-1.1.23.jar:/home/sep/.gradle/caches/modules-2/files-2.1/net.sf.jopt-simple/jopt-simple/5.0.3/cdd846cfc4e0f7eefafc02c0f5dce32b9303aa2a/jopt-simple-5.0.3.jar:/home/sep/.gradle/caches/modules-2/files-2.1/io.netty/netty-all/4.1.25.Final/d0626cd3108294d1d58c05859add27b4ef21f83b/netty-all-4.1.25.Final.jar:/home/sep/.gradle/caches/modules-2/files-2.1/com.google.guava/guava/21.0/3a3d111be1be1b745edfa7d91678a12d7ed38709/guava-21.0.jar:/home/sep/.gradle/caches/modules-2/files-2.1/org.apache.commons/commons-lang3/3.5/6c6c702c89bfff3cd9e80b04d668c5e190d588c6/commons-lang3-3.5.jar:/home/sep/.gradle/caches/modules-2/files-2.1/commons-io/commons-io/2.5/2852e6e05fbb95076fc091f6d1780f1f8fe35e0f/commons-io-2.5.jar:/home/sep/.gradle/caches/modules-2/files-2.1/commons-codec/commons-codec/1.10/4b95f4897fa13f2cd904aee711aeafc0c5295cd8/commons-codec-1.10.jar:/home/sep/.gradle/caches/modules-2/files-2.1/net.java.jinput/jinput/2.0.5/39c7796b469a600f72380316f6b1f11db6c2c7c4/jinput-2.0.5.jar:/home/sep/.gradle/caches/modules-2/files-2.1/net.java.jutils/jutils/1.0.0/e12fe1fda814bd348c1579329c86943d2cd3c6a6/jutils-1.0.0.jar:/home/sep/.gradle/caches/modules-2/files-2.1/com.mojang/brigadier/1.0.18/c1ef1234282716483c92183f49bef47b1a89bfa9/brigadier-1.0.18.jar:/home/sep/.gradle/caches/modules-2/files-2.1/com.mojang/datafixerupper/4.0.26/ebd6690f33871ccee9b6132c6480668ee2e35020/datafixerupper-4.0.26.jar:/home/sep/.gradle/caches/modules-2/files-2.1/com.google.code.gson/gson/2.8.0/c4ba5371a29ac9b2ad6129b1d39ea38750043eff/gson-2.8.0.jar:/home/sep/.gradle/caches/modules-2/files-2.1/com.mojang/authlib/2.3.31/bbd00ca33b052f73a6312254780fc580d2da3535/authlib-2.3.31.jar:/home/sep/.gradle/caches/modules-2/files-2.1/org.apache.commons/commons-compress/1.8.1/a698750c16740fd5b3871425f4cb3bbaa87f529d/commons-compress-1.8.1.jar:/home/sep/.gradle/caches/modules-2/files-2.1/org.apache.httpcomponents/httpclient/4.3.3/18f4247ff4572a074444572cee34647c43e7c9c7/httpclient-4.3.3.jar:/home/sep/.gradle/caches/modules-2/files-2.1/commons-logging/commons-logging/1.1.3/f6f66e966c70a83ffbdb6f17a0919eaf7c8aca7f/commons-logging-1.1.3.jar:/home/sep/.gradle/caches/modules-2/files-2.1/org.apache.httpcomponents/httpcore/4.3.2/31fbbff1ddbf98f3aa7377c94d33b0447c646b6e/httpcore-4.3.2.jar:/home/sep/.gradle/caches/modules-2/files-2.1/it.unimi.dsi/fastutil/8.2.1/5ad88f325e424f8dbc2be5459e21ea5cab3864e9/fastutil-8.2.1.jar:/home/sep/.gradle/caches/modules-2/files-2.1/org.apache.logging.log4j/log4j-api/2.14.1/cd8858fbbde69f46bce8db1152c18a43328aae78/log4j-api-2.14.1.jar:/home/sep/.gradle/caches/modules-2/files-2.1/org.apache.logging.log4j/log4j-core/2.14.1/9141212b8507ab50a45525b545b39d224614528b/log4j-core-2.14.1.jar:/home/sep/.gradle/caches/modules-2/files-2.1/org.lwjgl/lwjgl/3.2.2/8ad6294407e15780b43e84929c40e4c5e997972e/lwjgl-3.2.2.jar:/home/sep/.gradle/caches/modules-2/files-2.1/org.lwjgl/lwjgl-jemalloc/3.2.2/ee8e57a79300f78294576d87c4a587f8c99402e2/lwjgl-jemalloc-3.2.2.jar:/home/sep/.gradle/caches/modules-2/files-2.1/org.lwjgl/lwjgl-openal/3.2.2/2b772a102b0a11ee5f2109a5b136f4dc7c630827/lwjgl-openal-3.2.2.jar:/home/sep/.gradle/caches/modules-2/files-2.1/org.lwjgl/lwjgl-opengl/3.2.2/6ac5bb88b44c43ea195a570aab059f63da004cd8/lwjgl-opengl-3.2.2.jar:/home/sep/.gradle/caches/modules-2/files-2.1/org.lwjgl/lwjgl-glfw/3.2.2/d3ad4df38e400b8afba1de63f84338809399df5b/lwjgl-glfw-3.2.2.jar:/home/sep/.gradle/caches/modules-2/files-2.1/org.lwjgl/lwjgl-stb/3.2.2/3b8e6ebc5851dd3d17e37e5cadce2eff2a429f0f/lwjgl-stb-3.2.2.jar:/home/sep/.gradle/caches/modules-2/files-2.1/org.lwjgl/lwjgl-tinyfd/3.2.2/fcbe606c8f8da6f8f9a05e2c540eb1ee8632b0e9/lwjgl-tinyfd-3.2.2.jar:/home/sep/.gradle/caches/modules-2/files-2.1/com.mojang/text2speech/1.11.3/f378f889797edd7df8d32272c06ca80a1b6b0f58/text2speech-1.11.3.jar:/home/sep/.gradle/caches/modules-2/files-2.1/ca.weblite/java-objc-bridge/1.0.0/6ef160c3133a78de015830860197602ca1c855d3/java-objc-bridge-1.0.0.jar:/home/sep/.gradle/caches/fabric-loom/1.17.1-mapped-net.fabricmc.yarn-1.17.1+build.62-v2/minecraft-1.17.1-mapped-net.fabricmc.yarn-1.17.1+build.62-v2.jar:/home/sep/epik_addon/rpc-addon/.gradle/loom-cache/remapped_mods/net_fabricmc_yarn_1_17_1_1_17_1_build_62_v2/meteordevelopment/meteor-client/SNAPSHOT/meteor-client-SNAPSHOT.jar:/home/sep/epik_addon/rpc-addon/.gradle/loom-cache/remapped_mods/net_fabricmc_yarn_1_17_1_1_17_1_build_62_v2/baritone/baritone/1.17-SNAPSHOT/baritone-1.17-SNAPSHOT.jar:/home/sep/epik_addon/rpc-addon/.gradle/loom-cache/remapped_mods/net_fabricmc_yarn_1_17_1_1_17_1_build_62_v2/net/fabricmc/fabric-loader/0.12.3/fabric-loader-0.12.3.jar:/home/sep/.gradle/caches/modules-2/files-2.1/org.jline/jline-reader/3.12.1/4382ab1382c7b6f379377ed5f665dc2f6e1218bc/jline-reader-3.12.1.jar:/home/sep/.gradle/caches/modules-2/files-2.1/org.jline/jline-terminal/3.12.1/c777448314e050d980a6b697c140f3bfe9eb7416/jline-terminal-3.12.1.jar)
[01:44:24] [Render thread/INFO] (Minecraft) Reloading ResourceManager: Default
[01:44:24] [Render thread/INFO] (Minecraft) [STDOUT]: Baritone settings file not found, resetting.
[01:44:24] [Render thread/INFO] (MeteorClient) Initializing Meteor Client
[01:44:24] [Render thread/INFO] (Minecraft) [STDERR]: SLF4J: Failed to load class "org.slf4j.impl.StaticLoggerBinder".
[01:44:24] [Render thread/INFO] (Minecraft) [STDERR]: SLF4J: Defaulting to no-operation (NOP) logger implementation
[01:44:24] [Render thread/INFO] (Minecraft) [STDERR]: SLF4J: See http://www.slf4j.org/codes.html#StaticLoggerBinder for further details.
[01:44:25] [Realms Notification Availability checker #1/INFO] (Minecraft) Could not authorize you against Realms server: Invalid session id
[01:44:27] [Render thread/INFO] (Minecraft) [STDERR]: java.lang.reflect.InvocationTargetException
[01:44:27] [Render thread/INFO] (Minecraft) [STDERR]: 	at java.base/jdk.internal.reflect.NativeMethodAccessorImpl.invoke0(Native Method)
[01:44:27] [Render thread/INFO] (Minecraft) [STDERR]: 	at java.base/jdk.internal.reflect.NativeMethodAccessorImpl.invoke(NativeMethodAccessorImpl.java:78)
[01:44:27] [Render thread/INFO] (Minecraft) [STDERR]: 	at java.base/jdk.internal.reflect.DelegatingMethodAccessorImpl.invoke(DelegatingMethodAccessorImpl.java:43)
[01:44:27] [Render thread/INFO] (Minecraft) [STDERR]: 	at java.base/java.lang.reflect.Method.invoke(Method.java:567)
[01:44:27] [Render thread/INFO] (Minecraft) [STDERR]: 	at meteordevelopment.meteorclient.MeteorClient.reflectInit(MeteorClient.java:153)
[01:44:27] [Render thread/INFO] (Minecraft) [STDERR]: 	at meteordevelopment.meteorclient.MeteorClient.init(MeteorClient.java:144)
[01:44:27] [Render thread/INFO] (Minecraft) [STDERR]: 	at meteordevelopment.meteorclient.MeteorClient.onInitializeClient(MeteorClient.java:76)
[01:44:27] [Render thread/INFO] (Minecraft) [STDERR]: 	at net.minecraft.client.MinecraftClient.handler$zdm003$onInit(MinecraftClient.java:4090)
[01:44:27] [Render thread/INFO] (Minecraft) [STDERR]: 	at net.minecraft.client.MinecraftClient.<init>(MinecraftClient.java:637)
[01:44:27] [Render thread/INFO] (Minecraft) [STDERR]: 	at net.minecraft.client.main.Main.main(Main.java:179)
[01:44:27] [Render thread/INFO] (Minecraft) [STDERR]: 	at java.base/jdk.internal.reflect.NativeMethodAccessorImpl.invoke0(Native Method)
[01:44:27] [Render thread/INFO] (Minecraft) [STDERR]: 	at java.base/jdk.internal.reflect.NativeMethodAccessorImpl.invoke(NativeMethodAccessorImpl.java:78)
[01:44:27] [Render thread/INFO] (Minecraft) [STDERR]: 	at java.base/jdk.internal.reflect.DelegatingMethodAccessorImpl.invoke(DelegatingMethodAccessorImpl.java:43)
[01:44:27] [Render thread/INFO] (Minecraft) [STDERR]: 	at java.base/java.lang.reflect.Method.invoke(Method.java:567)
[01:44:27] [Render thread/INFO] (Minecraft) [STDERR]: 	at net.fabricmc.loader.impl.game.minecraft.MinecraftGameProvider.launch(MinecraftGameProvider.java:568)
[01:44:27] [Render thread/INFO] (Minecraft) [STDERR]: 	at net.fabricmc.loader.impl.launch.knot.Knot.launch(Knot.java:74)
[01:44:27] [Render thread/INFO] (Minecraft) [STDERR]: 	at net.fabricmc.loader.impl.launch.knot.KnotClient.main(KnotClient.java:23)
[01:44:27] [Render thread/INFO] (Minecraft) [STDERR]: 	at net.fabricmc.devlaunchinjector.Main.main(Main.java:86)
[01:44:27] [Render thread/INFO] (Minecraft) [STDERR]: Caused by: net.fabricmc.loader.api.EntrypointException: Exception while loading entries for entrypoint 'meteor' provided by 'epc-addon'
[01:44:27] [Render thread/INFO] (Minecraft) [STDERR]: 	at net.fabricmc.loader.impl.entrypoint.EntrypointContainerImpl.getEntrypoint(EntrypointContainerImpl.java:56)
[01:44:27] [Render thread/INFO] (Minecraft) [STDERR]: 	at meteordevelopment.meteorclient.addons.AddonManager.init(AddonManager.java:46)
[01:44:27] [Render thread/INFO] (Minecraft) [STDERR]: 	... 18 more
[01:44:27] [Render thread/INFO] (Minecraft) [STDERR]: Caused by: java.lang.RuntimeException: Mixin transformation of me.septemba.rpc_addon.MainClass failed
[01:44:27] [Render thread/INFO] (Minecraft) [STDERR]: 	at net.fabricmc.loader.impl.launch.knot.KnotClassDelegate.getPostMixinClassByteArray(KnotClassDelegate.java:224)
[01:44:27] [Render thread/INFO] (Minecraft) [STDERR]: 	at net.fabricmc.loader.impl.launch.knot.KnotClassDelegate.tryLoadClass(KnotClassDelegate.java:133)
[01:44:27] [Render thread/INFO] (Minecraft) [STDERR]: 	at net.fabricmc.loader.impl.launch.knot.KnotClassLoader.loadClass(KnotClassLoader.java:155)
[01:44:27] [Render thread/INFO] (Minecraft) [STDERR]: 	at java.base/java.lang.ClassLoader.loadClass(ClassLoader.java:519)
[01:44:27] [Render thread/INFO] (Minecraft) [STDERR]: 	at java.base/java.lang.Class.forName0(Native Method)
[01:44:27] [Render thread/INFO] (Minecraft) [STDERR]: 	at java.base/java.lang.Class.forName(Class.java:466)
[01:44:27] [Render thread/INFO] (Minecraft) [STDERR]: 	at net.fabricmc.loader.impl.util.DefaultLanguageAdapter.create(DefaultLanguageAdapter.java:50)
[01:44:27] [Render thread/INFO] (Minecraft) [STDERR]: 	at net.fabricmc.loader.impl.entrypoint.EntrypointStorage$NewEntry.getOrCreate(EntrypointStorage.java:117)
[01:44:27] [Render thread/INFO] (Minecraft) [STDERR]: 	at net.fabricmc.loader.impl.entrypoint.EntrypointContainerImpl.getEntrypoint(EntrypointContainerImpl.java:53)
[01:44:27] [Render thread/INFO] (Minecraft) [STDERR]: 	... 19 more
[01:44:27] [Render thread/INFO] (Minecraft) [STDERR]: Caused by: org.spongepowered.asm.mixin.transformer.throwables.IllegalClassLoadError: me.septemba.rpc_addon.MainClass is in a defined mixin package me.septemba.rpc_addon.* owned by rpc_addon.mixins.json and cannot be referenced directly
[01:44:27] [Render thread/INFO] (Minecraft) [STDERR]: 	at org.spongepowered.asm.mixin.transformer.MixinProcessor.applyMixins(MixinProcessor.java:334)
[01:44:27] [Render thread/INFO] (Minecraft) [STDERR]: 	at org.spongepowered.asm.mixin.transformer.MixinTransformer.transformClass(MixinTransformer.java:234)
[01:44:27] [Render thread/INFO] (Minecraft) [STDERR]: 	at org.spongepowered.asm.mixin.transformer.MixinTransformer.transformClassBytes(MixinTransformer.java:202)
[01:44:27] [Render thread/INFO] (Minecraft) [STDERR]: 	at net.fabricmc.loader.impl.launch.knot.KnotClassDelegate.getPostMixinClassByteArray(KnotClassDelegate.java:222)
[01:44:27] [Render thread/INFO] (Minecraft) [STDERR]: 	... 27 more
[01:44:28] [Render thread/INFO] (MeteorClient) Loading
[01:44:28] [Render thread/INFO] (MeteorClient) Loaded in 37 milliseconds
[01:44:30] [Render thread/INFO] (Minecraft) OpenAL initialized.
[01:44:30] [Render thread/INFO] (Minecraft) Sound engine started
[01:44:30] [Render thread/INFO] (Minecraft) Created: 1024x1024x4 minecraft:textures/atlas/blocks.png-atlas
[01:44:30] [Render thread/INFO] (Minecraft) Created: 256x128x4 minecraft:textures/atlas/signs.png-atlas
[01:44:30] [Render thread/INFO] (Minecraft) Created: 1024x512x4 minecraft:textures/atlas/banner_patterns.png-atlas
[01:44:30] [Render thread/INFO] (Minecraft) Created: 1024x512x4 minecraft:textures/atlas/shield_patterns.png-atlas
[01:44:30] [Render thread/INFO] (Minecraft) Created: 256x256x4 minecraft:textures/atlas/chest.png-atlas
[01:44:30] [Render thread/INFO] (Minecraft) Created: 512x256x4 minecraft:textures/atlas/beds.png-atlas
[01:44:30] [Render thread/INFO] (Minecraft) Created: 512x256x4 minecraft:textures/atlas/shulker_boxes.png-atlas
[01:44:32] [Render thread/INFO] (Minecraft) Created: 256x256x0 minecraft:textures/atlas/particles.png-atlas
[01:44:32] [Render thread/INFO] (Minecraft) Created: 256x256x0 minecraft:textures/atlas/paintings.png-atlas
[01:44:32] [Render thread/INFO] (Minecraft) Created: 256x128x0 minecraft:textures/atlas/mob_effects.png-atlas
[01:44:34] [Render thread/INFO] (MeteorClient) Checking latest version of Meteor Client
[01:44:48] [Render thread/INFO] (Minecraft) Stopping!
[01:44:49] [Thread-4/INFO] (MeteorClient) Saving
